<?xml version="1.0" encoding="UTF-8"?>
<!-- Generated by org.testng.reporters.JUnitReportReporter -->
<testsuite hostname="MILAN" failures="0" tests="2" name="testScript.CategoryTest" time="6.424" errors="0" timestamp="2025-05-14T15:12:58 IST" skipped="0">
  <testcase classname="testScript.CategoryTest" name="searchCategory" time="3.120"/>
  <testcase classname="testScript.CategoryTest" name="addCategory" time="3.304"/>
</testsuite> <!-- testScript.CategoryTest -->
