<?xml version="1.0" encoding="UTF-8"?>
<!-- Generated by org.testng.reporters.JUnitReportReporter -->
<testsuite hostname="MILAN" failures="0" tests="1" name="testScript.NewsTest" time="6.691" errors="0" timestamp="2025-05-02T00:26:22 IST" skipped="0">
  <testcase classname="testScript.NewsTest" name="searchNews" time="6.691"/>
</testsuite> <!-- testScript.NewsTest -->
