<?xml version="1.0" encoding="UTF-8"?>
<!-- Generated by org.testng.reporters.JUnitReportReporter -->
<testsuite hostname="MILAN" failures="0" tests="1" name="testScript.CategoryTest" time="21.152" errors="0" timestamp="2025-05-02T12:31:55 IST" skipped="0">
  <testcase classname="testScript.CategoryTest" name="searchCategory" time="21.152"/>
</testsuite> <!-- testScript.CategoryTest -->
