<?xml version="1.0" encoding="UTF-8"?>
<!-- Generated by org.testng.reporters.JUnitReportReporter -->
<testsuite hostname="MILAN" failures="0" tests="1" name="testScript.HomeTest" time="20.224" errors="0" timestamp="2025-04-28T12:49:05 IST" skipped="0">
  <testcase classname="testScript.HomeTest" name="logout" time="20.224"/>
</testsuite> <!-- testScript.HomeTest -->
