<?xml version="1.0" encoding="UTF-8"?>
<!-- Generated by org.testng.reporters.JUnitReportReporter -->
<testsuite hostname="MILAN" failures="0" tests="1" name="testScript.AdminUserTest" time="24.896" errors="0" timestamp="2025-05-02T21:28:00 IST" skipped="0">
  <testcase classname="testScript.AdminUserTest" name="addNewUser" time="24.896"/>
</testsuite> <!-- testScript.AdminUserTest -->
