<?xml version="1.0" encoding="UTF-8"?>
<!-- Generated by org.testng.reporters.JUnitReportReporter -->
<testsuite hostname="MILAN" failures="0" tests="2" name="testScript.AdminUserTest" time="7.062" errors="0" timestamp="2025-05-14T15:12:58 IST" skipped="0">
  <testcase classname="testScript.AdminUserTest" name="addNewUser" time="3.572"/>
  <testcase classname="testScript.AdminUserTest" name="searchUser" time="3.490"/>
</testsuite> <!-- testScript.AdminUserTest -->
