<?xml version="1.0" encoding="UTF-8"?>
<!-- Generated by org.testng.reporters.JUnitReportReporter -->
<testsuite hostname="MILAN" failures="0" tests="2" name="testScript.NewsTest" time="6.410" errors="0" timestamp="2025-05-14T15:12:58 IST" skipped="0">
  <testcase classname="testScript.NewsTest" name="searchNews" time="3.180"/>
  <testcase classname="testScript.NewsTest" name="addNews" time="3.230"/>
</testsuite> <!-- testScript.NewsTest -->
