<?xml version="1.0" encoding="UTF-8"?>
<!-- Generated by org.testng.reporters.JUnitReportReporter -->
<testsuite hostname="MILAN" failures="0" tests="1" name="testScript.HomeTest" time="3.483" errors="0" timestamp="2025-05-13T12:07:55 IST" skipped="0">
  <testcase classname="testScript.HomeTest" name="logout" time="3.483"/>
</testsuite> <!-- testScript.HomeTest -->
