<?xml version="1.0" encoding="UTF-8"?>
<!-- Generated by org.testng.reporters.JUnitReportReporter -->
<testsuite hostname="MILAN" failures="0" tests="2" name="testScript.AdminUserTest" time="7.550" errors="0" timestamp="2025-05-13T12:09:42 IST" skipped="0">
  <testcase classname="testScript.AdminUserTest" name="searchUser" time="3.591"/>
  <testcase classname="testScript.AdminUserTest" name="addNewUser" time="3.959"/>
</testsuite> <!-- testScript.AdminUserTest -->
