<?xml version="1.0" encoding="UTF-8"?>
<!-- Generated by org.testng.reporters.JUnitReportReporter -->
<testsuite hostname="MILAN" failures="0" tests="1" name="testScript.HomeTest" time="2.598" errors="0" timestamp="2025-05-14T15:12:58 IST" skipped="0">
  <testcase classname="testScript.HomeTest" name="logout" time="2.598"/>
</testsuite> <!-- testScript.HomeTest -->
